mode: set
hood/internal/prices/alpha_vantage_client.go:37.81,40.16 3 0
hood/internal/prices/alpha_vantage_client.go:40.16,42.3 1 0
hood/internal/prices/alpha_vantage_client.go:43.2,44.16 2 0
hood/internal/prices/alpha_vantage_client.go:44.16,46.3 1 0
hood/internal/prices/alpha_vantage_client.go:47.2,47.32 1 0
hood/internal/prices/alpha_vantage_client.go:47.32,48.17 1 0
hood/internal/prices/alpha_vantage_client.go:48.17,50.4 1 0
hood/internal/prices/alpha_vantage_client.go:53.2,55.16 3 0
hood/internal/prices/alpha_vantage_client.go:55.16,57.3 1 0
hood/internal/prices/alpha_vantage_client.go:59.2,64.16 4 0
hood/internal/prices/alpha_vantage_client.go:64.16,66.3 1 0
hood/internal/prices/alpha_vantage_client.go:68.2,68.98 1 0
hood/internal/prices/alpha_vantage_client.go:68.98,72.3 3 0
hood/internal/prices/alpha_vantage_client.go:74.2,75.16 2 0
hood/internal/prices/alpha_vantage_client.go:75.16,77.3 1 0
hood/internal/prices/alpha_vantage_client.go:79.2,80.16 2 0
hood/internal/prices/alpha_vantage_client.go:80.16,82.3 1 0
hood/internal/prices/alpha_vantage_client.go:84.2,89.8 1 0
hood/internal/prices/alpha_vantage_client.go:92.45,95.2 2 1
hood/internal/prices/update_price.go:9.94,11.16 2 0
hood/internal/prices/update_price.go:11.16,13.3 1 0
hood/internal/prices/update_price.go:15.2,16.16 2 0
hood/internal/prices/update_price.go:16.16,18.3 1 0
hood/internal/prices/update_price.go:19.2,20.16 2 0
hood/internal/prices/update_price.go:20.16,22.3 1 0
hood/internal/prices/update_price.go:24.2,24.12 1 0
hood/internal/prices/update_price.go:27.95,29.16 2 0
hood/internal/prices/update_price.go:29.16,31.3 1 0
hood/internal/prices/update_price.go:32.2,33.16 2 0
hood/internal/prices/update_price.go:33.16,35.3 1 0
hood/internal/prices/update_price.go:37.2,37.35 1 0
hood/internal/prices/update_price.go:37.35,39.17 2 0
hood/internal/prices/update_price.go:39.17,41.4 1 0
hood/internal/prices/update_price.go:43.2,43.12 1 0
hood/internal/metrics/metrics.go:35.41,41.31 2 0
hood/internal/metrics/metrics.go:41.31,42.23 1 0
hood/internal/metrics/metrics.go:42.23,43.38 1 0
hood/internal/metrics/metrics.go:43.38,45.5 1 0
hood/internal/metrics/metrics.go:46.4,51.6 1 0
hood/internal/metrics/metrics.go:54.2,54.13 1 0
hood/internal/metrics/metrics.go:57.39,59.33 2 0
hood/internal/metrics/metrics.go:59.33,61.3 1 0
hood/internal/metrics/metrics.go:62.2,62.16 1 0
hood/internal/metrics/metrics.go:65.91,67.39 2 1
hood/internal/metrics/metrics.go:67.39,69.88 2 0
hood/internal/metrics/metrics.go:69.88,71.4 1 0
hood/internal/metrics/metrics.go:72.3,72.28 1 0
hood/internal/metrics/metrics.go:72.28,73.82 1 0
hood/internal/metrics/metrics.go:73.82,75.5 1 0
hood/internal/metrics/metrics.go:76.4,76.46 1 0
hood/internal/metrics/metrics.go:79.2,81.19 2 1
hood/internal/metrics/metrics.go:84.149,85.35 1 1
hood/internal/metrics/metrics.go:85.35,87.3 1 0
hood/internal/metrics/metrics.go:88.2,92.44 4 1
hood/internal/metrics/metrics.go:92.44,94.3 1 1
hood/internal/metrics/metrics.go:95.2,98.35 3 1
hood/internal/metrics/metrics.go:98.35,100.17 2 1
hood/internal/metrics/metrics.go:100.17,102.4 1 0
hood/internal/metrics/metrics.go:103.3,105.10 3 1
hood/internal/metrics/metrics.go:105.10,107.4 1 0
hood/internal/metrics/metrics.go:108.3,109.10 2 1
hood/internal/metrics/metrics.go:109.10,111.4 1 0
hood/internal/metrics/metrics.go:112.3,117.23 4 1
hood/internal/metrics/metrics.go:120.2,120.17 1 1
hood/internal/metrics/metrics.go:124.63,137.2 4 1
hood/internal/metrics/metrics.go:139.104,140.23 1 0
hood/internal/metrics/metrics.go:140.23,142.3 1 0
hood/internal/metrics/metrics.go:143.2,144.16 2 0
hood/internal/metrics/metrics.go:144.16,147.29 3 0
hood/internal/metrics/metrics.go:147.29,151.4 3 0
hood/internal/metrics/metrics.go:152.3,152.15 1 0
hood/internal/metrics/metrics.go:152.15,154.4 1 0
hood/internal/metrics/metrics.go:157.2,157.22 1 0
hood/internal/metrics/tlh.go:30.190,33.27 3 1
hood/internal/metrics/tlh.go:33.27,35.41 2 1
hood/internal/metrics/tlh.go:35.41,37.4 1 1
hood/internal/metrics/tlh.go:38.3,38.59 1 1
hood/internal/metrics/tlh.go:41.2,41.35 1 1
hood/internal/metrics/tlh.go:41.35,43.46 2 1
hood/internal/metrics/tlh.go:43.46,45.4 1 1
hood/internal/metrics/tlh.go:47.3,52.43 4 1
hood/internal/metrics/tlh.go:52.43,60.4 2 1
hood/internal/metrics/tlh.go:63.2,63.21 1 1
hood/internal/metrics/tlh.go:68.138,74.33 5 1
hood/internal/metrics/tlh.go:74.33,79.93 5 1
hood/internal/metrics/tlh.go:79.93,82.4 2 1
hood/internal/metrics/tlh.go:85.2,85.33 1 1
hood/internal/metrics/tlh.go:88.91,102.2 6 1
hood/internal/db/query/asset_split.go:12.111,21.16 5 0
hood/internal/db/query/asset_split.go:21.16,23.3 1 0
hood/internal/db/query/asset_split.go:25.2,25.20 1 0
hood/internal/db/query/asset_split.go:28.142,37.16 5 0
hood/internal/db/query/asset_split.go:37.16,39.3 1 0
hood/internal/db/query/asset_split.go:41.2,41.20 1 0
hood/internal/db/query/asset_split.go:44.69,49.16 4 0
hood/internal/db/query/asset_split.go:49.16,51.3 1 0
hood/internal/db/query/asset_split.go:53.2,53.17 1 0
hood/internal/db/query/common.go:11.47,14.16 3 0
hood/internal/db/query/common.go:14.16,16.3 1 0
hood/internal/db/query/common.go:18.2,18.27 1 0
hood/internal/db/query/common.go:21.57,24.2 2 0
hood/internal/db/query/holding.go:10.79,16.16 5 0
hood/internal/db/query/holding.go:16.16,18.3 1 0
hood/internal/db/query/holding.go:20.2,20.21 1 0
hood/internal/db/query/lot.go:16.92,25.16 4 1
hood/internal/db/query/lot.go:25.16,27.3 1 0
hood/internal/db/query/lot.go:29.2,30.27 2 1
hood/internal/db/query/lot.go:30.27,33.3 2 1
hood/internal/db/query/lot.go:34.2,34.17 1 1
hood/internal/db/query/lot.go:37.67,47.2 1 1
hood/internal/db/query/lot.go:49.95,56.16 5 0
hood/internal/db/query/lot.go:56.16,58.3 1 0
hood/internal/db/query/lot.go:60.2,60.21 1 0
hood/internal/db/query/lot.go:63.102,71.16 5 1
hood/internal/db/query/lot.go:71.16,73.3 1 0
hood/internal/db/query/lot.go:75.2,75.20 1 1
hood/internal/db/query/lot.go:78.106,86.16 5 0
hood/internal/db/query/lot.go:86.16,88.3 1 0
hood/internal/db/query/lot.go:90.2,90.20 1 0
hood/internal/db/query/lot.go:93.64,95.27 2 0
hood/internal/db/query/lot.go:95.27,105.3 1 0
hood/internal/db/query/lot.go:106.2,106.12 1 0
hood/internal/db/query/lot.go:109.136,121.16 7 0
hood/internal/db/query/lot.go:121.16,123.3 1 0
hood/internal/db/query/lot.go:125.2,125.21 1 0
hood/internal/db/query/metrics.go:12.69,28.2 3 0
hood/internal/db/query/metrics.go:30.65,32.2 1 0
hood/internal/db/query/metrics.go:34.71,36.2 1 0
hood/internal/db/query/metrics.go:38.67,47.2 2 0
hood/internal/db/query/metrics.go:49.69,55.16 5 0
hood/internal/db/query/metrics.go:55.16,57.3 1 0
hood/internal/db/query/metrics.go:59.2,59.41 1 0
hood/internal/db/query/price.go:16.94,24.16 5 0
hood/internal/db/query/price.go:24.16,26.3 1 0
hood/internal/db/query/price.go:28.2,28.20 1 0
hood/internal/db/query/price.go:31.104,36.28 4 0
hood/internal/db/query/price.go:36.28,39.3 2 0
hood/internal/db/query/price.go:41.2,44.22 2 0
hood/internal/db/query/price.go:44.22,48.3 1 0
hood/internal/db/query/price.go:50.2,55.16 4 0
hood/internal/db/query/price.go:55.16,57.3 1 0
hood/internal/db/query/price.go:59.2,59.33 1 0
hood/internal/db/query/price.go:59.33,62.3 2 0
hood/internal/db/query/price.go:65.2,65.28 1 0
hood/internal/db/query/price.go:65.28,66.78 1 0
hood/internal/db/query/price.go:66.78,68.4 1 0
hood/internal/db/query/price.go:71.2,71.22 1 0
hood/internal/db/query/price.go:74.109,79.28 4 0
hood/internal/db/query/price.go:79.28,82.3 2 0
hood/internal/db/query/price.go:83.2,89.16 5 0
hood/internal/db/query/price.go:89.16,91.3 1 0
hood/internal/db/query/price.go:93.2,93.33 1 0
hood/internal/db/query/price.go:93.33,96.3 2 0
hood/internal/db/query/price.go:99.2,99.28 1 0
hood/internal/db/query/price.go:99.28,100.20 1 0
hood/internal/db/query/price.go:100.20,102.4 1 0
hood/internal/db/query/price.go:105.2,105.22 1 0
hood/internal/db/query/trade.go:18.96,24.16 3 1
hood/internal/db/query/trade.go:24.16,26.3 1 0
hood/internal/db/query/trade.go:28.2,34.16 4 1
hood/internal/db/query/trade.go:34.16,36.3 1 0
hood/internal/db/query/trade.go:38.2,38.20 1 1
hood/internal/db/query/trade.go:41.59,46.16 4 0
hood/internal/db/query/trade.go:46.16,48.3 1 0
hood/internal/db/query/trade.go:50.2,50.17 1 0
hood/internal/db/query/trade.go:53.68,55.27 2 1
hood/internal/db/query/trade.go:55.27,56.51 1 1
hood/internal/db/query/trade.go:56.51,58.4 1 1
hood/internal/db/query/trade.go:61.2,61.24 1 1
hood/internal/db/query/trade.go:61.24,63.3 1 1
hood/internal/db/query/trade.go:65.2,66.29 2 1
hood/internal/db/query/trade.go:66.29,77.3 1 1
hood/internal/db/query/trade.go:79.2,87.50 4 1
hood/internal/db/query/trade.go:87.50,89.3 1 0
hood/internal/db/query/trade.go:91.2,91.21 1 1
hood/internal/db/query/trade.go:91.21,96.3 1 1
hood/internal/db/query/trade.go:98.2,98.12 1 1
hood/internal/db/query/trade.go:101.61,103.16 2 0
hood/internal/db/query/trade.go:103.16,105.3 1 0
hood/internal/db/query/trade.go:106.2,106.12 1 0
hood/internal/db/query/trade.go:111.44,123.2 1 1
hood/internal/db/query/trade.go:125.46,136.2 1 1
hood/internal/db/query/trade.go:138.49,140.22 2 1
hood/internal/db/query/trade.go:140.22,142.3 1 1
hood/internal/db/query/trade.go:143.2,143.12 1 1
hood/internal/db/query/transfer.go:9.65,13.16 4 0
hood/internal/db/query/transfer.go:13.16,15.3 1 0
hood/internal/db/query/transfer.go:16.2,16.17 1 0
hood/internal/db/query/transfer.go:19.55,22.16 3 0
hood/internal/db/query/transfer.go:22.16,24.3 1 0
hood/internal/db/query/transfer.go:25.2,25.12 1 0
hood/internal/db/query/utils.go:11.50,13.18 2 0
hood/internal/db/query/utils.go:13.18,15.3 1 0
hood/internal/db/query/utils.go:17.2,18.9 2 0
hood/internal/db/query/utils.go:18.9,20.3 1 0
hood/internal/db/query/utils.go:22.2,22.16 1 0
hood/internal/db/query/utils.go:25.42,27.2 1 0
hood/internal/db/query/utils.go:29.29,32.16 3 0
hood/internal/db/query/utils.go:32.16,34.3 1 0
hood/internal/db/query/utils.go:36.2,36.20 1 0
hood/internal/db/query/utils.go:39.33,42.16 3 1
hood/internal/db/query/utils.go:42.16,44.3 1 0
hood/internal/db/query/utils.go:46.2,46.20 1 1
hood/internal/db/query/utils.go:49.50,50.19 1 1
hood/internal/db/query/utils.go:50.19,52.17 2 1
hood/internal/db/query/utils.go:52.17,53.14 1 0
hood/internal/trade/robinhood.go:41.105,42.47 1 1
hood/internal/trade/robinhood.go:42.47,44.3 1 0
hood/internal/trade/robinhood.go:45.2,45.52 1 1
hood/internal/trade/robinhood.go:45.52,47.3 1 0
hood/internal/trade/robinhood.go:48.2,51.3 1 1
hood/internal/trade/robinhood.go:54.39,56.2 1 1
hood/internal/trade/robinhood.go:62.66,63.63 1 1
hood/internal/trade/robinhood.go:63.63,65.3 1 0
hood/internal/trade/robinhood.go:66.2,66.30 1 1
hood/internal/trade/robinhood.go:66.30,70.3 3 1
hood/internal/trade/robinhood.go:71.2,71.35 1 1
hood/internal/trade/robinhood.go:71.35,75.3 3 1
hood/internal/trade/robinhood.go:77.2,79.56 3 1
hood/internal/trade/robinhood.go:79.56,82.3 2 0
hood/internal/trade/robinhood.go:83.2,84.23 2 1
hood/internal/trade/robinhood.go:94.57,96.16 2 0
hood/internal/trade/robinhood.go:96.16,98.3 1 0
hood/internal/trade/robinhood.go:100.2,105.16 5 0
hood/internal/trade/robinhood.go:105.16,107.3 1 0
hood/internal/trade/robinhood.go:109.2,109.32 1 0
hood/internal/trade/robinhood.go:109.32,110.54 1 0
hood/internal/trade/robinhood.go:110.54,112.18 2 0
hood/internal/trade/robinhood.go:112.18,115.5 2 0
hood/internal/trade/robinhood.go:116.4,116.34 1 0
hood/internal/trade/robinhood.go:117.9,117.37 1 0
hood/internal/trade/robinhood.go:117.37,119.18 2 0
hood/internal/trade/robinhood.go:119.18,122.5 2 0
hood/internal/trade/robinhood.go:123.4,123.34 1 0
hood/internal/trade/robinhood.go:124.9,127.4 2 0
hood/internal/trade/robinhood.go:130.2,133.8 1 0
hood/internal/trade/robinhood.go:136.57,138.16 2 0
hood/internal/trade/robinhood.go:138.16,140.3 1 0
hood/internal/trade/robinhood.go:141.2,142.23 2 0
hood/internal/trade/robinhood.go:142.23,144.3 1 0
hood/internal/trade/robinhood.go:144.8,144.31 1 0
hood/internal/trade/robinhood.go:144.31,146.3 1 0
hood/internal/trade/robinhood.go:147.2,147.22 1 0
hood/internal/trade/robinhood.go:147.22,149.3 1 0
hood/internal/trade/robinhood.go:150.2,151.16 2 0
hood/internal/trade/robinhood.go:151.16,153.3 1 0
hood/internal/trade/robinhood.go:155.2,163.16 2 0
hood/internal/trade/robinhood.go:166.62,168.16 2 0
hood/internal/trade/robinhood.go:168.16,170.3 1 0
hood/internal/trade/robinhood.go:171.2,172.16 2 0
hood/internal/trade/robinhood.go:172.16,174.3 1 0
hood/internal/trade/robinhood.go:175.2,176.16 2 0
hood/internal/trade/robinhood.go:176.16,178.3 1 0
hood/internal/trade/robinhood.go:179.2,183.8 1 0
hood/internal/trade/robinhood.go:186.109,187.18 1 0
hood/internal/trade/robinhood.go:187.18,189.23 2 0
hood/internal/trade/robinhood.go:189.23,191.18 2 0
hood/internal/trade/robinhood.go:191.18,193.5 1 0
hood/internal/trade/robinhood.go:194.9,194.30 1 0
hood/internal/trade/robinhood.go:194.30,195.53 1 0
hood/internal/trade/robinhood.go:195.53,205.19 2 0
hood/internal/trade/robinhood.go:205.19,207.6 1 0
hood/internal/trade/robinhood.go:208.10,218.19 2 0
hood/internal/trade/robinhood.go:218.19,220.6 1 0
hood/internal/trade/robinhood.go:225.2,225.12 1 0
hood/internal/trade/robinhood.go:228.93,230.16 2 0
hood/internal/trade/robinhood.go:230.16,232.3 1 0
hood/internal/trade/robinhood.go:233.2,235.16 3 0
hood/internal/trade/robinhood.go:235.16,237.3 1 0
hood/internal/trade/robinhood.go:239.2,239.12 1 0
hood/internal/trade/robinhood.go:286.50,287.30 1 0
hood/internal/trade/robinhood.go:287.30,288.18 1 0
hood/internal/trade/robinhood.go:288.18,290.4 1 0
hood/internal/trade/robinhood.go:293.2,293.68 1 0
hood/internal/trade/robinhood.go:296.48,298.9 2 0
hood/internal/trade/robinhood.go:298.9,300.3 1 0
hood/internal/trade/robinhood.go:302.2,302.20 1 0
hood/internal/trade/tda.go:23.71,34.30 3 1
hood/internal/trade/tda.go:34.30,37.38 3 1
hood/internal/trade/tda.go:37.38,38.15 1 1
hood/internal/trade/tda.go:38.15,40.5 1 1
hood/internal/trade/tda.go:44.2,44.37 1 1
hood/internal/trade/tda.go:44.37,45.38 1 1
hood/internal/trade/tda.go:45.38,47.4 1 0
hood/internal/trade/tda.go:50.2,50.27 1 1
hood/internal/trade/tda.go:53.139,55.16 2 1
hood/internal/trade/tda.go:55.16,57.3 1 0
hood/internal/trade/tda.go:59.2,60.16 2 1
hood/internal/trade/tda.go:60.16,62.3 1 0
hood/internal/trade/tda.go:63.2,67.16 4 1
hood/internal/trade/tda.go:67.16,69.3 1 0
hood/internal/trade/tda.go:71.2,72.16 2 1
hood/internal/trade/tda.go:72.16,74.3 1 0
hood/internal/trade/tda.go:76.2,78.16 3 1
hood/internal/trade/tda.go:78.16,80.3 1 0
hood/internal/trade/tda.go:82.2,85.16 3 1
hood/internal/trade/tda.go:85.16,87.3 1 0
hood/internal/trade/tda.go:89.2,89.37 1 1
hood/internal/trade/tda.go:89.37,91.49 2 1
hood/internal/trade/tda.go:91.49,93.18 2 1
hood/internal/trade/tda.go:93.18,95.5 1 0
hood/internal/trade/tda.go:97.4,98.18 2 1
hood/internal/trade/tda.go:98.18,100.5 1 0
hood/internal/trade/tda.go:102.4,103.18 2 1
hood/internal/trade/tda.go:103.18,105.5 1 0
hood/internal/trade/tda.go:107.4,108.18 2 1
hood/internal/trade/tda.go:108.18,110.5 1 0
hood/internal/trade/tda.go:112.4,121.18 3 1
hood/internal/trade/tda.go:121.18,123.5 1 0
hood/internal/trade/tda.go:125.4,126.18 2 1
hood/internal/trade/tda.go:126.18,127.85 1 0
hood/internal/trade/tda.go:127.85,129.6 1 0
hood/internal/trade/tda.go:131.5,131.57 1 0
hood/internal/trade/tda.go:131.57,133.6 1 0
hood/internal/trade/tda.go:133.11,135.6 1 0
hood/internal/trade/tda.go:140.2,140.20 1 1
hood/internal/trade/trade_service.go:34.55,36.2 1 1
hood/internal/trade/trade_service.go:38.162,41.16 2 1
hood/internal/trade/trade_service.go:41.16,43.3 1 1
hood/internal/trade/trade_service.go:45.2,51.138 3 0
hood/internal/trade/trade_service.go:51.138,56.3 1 0
hood/internal/trade/trade_service.go:56.8,56.23 1 0
hood/internal/trade/trade_service.go:56.23,58.3 1 0
hood/internal/trade/trade_service.go:60.2,60.25 1 0
hood/internal/trade/trade_service.go:72.135,73.43 1 1
hood/internal/trade/trade_service.go:73.43,75.3 1 0
hood/internal/trade/trade_service.go:77.2,78.16 2 1
hood/internal/trade/trade_service.go:78.16,80.3 1 1
hood/internal/trade/trade_service.go:81.2,81.30 1 1
hood/internal/trade/trade_service.go:81.30,83.3 1 0
hood/internal/trade/trade_service.go:85.2,94.16 4 1
hood/internal/trade/trade_service.go:94.16,96.3 1 0
hood/internal/trade/trade_service.go:97.2,97.30 1 1
hood/internal/trade/trade_service.go:97.30,99.3 1 0
hood/internal/trade/trade_service.go:100.2,102.42 2 1
hood/internal/trade/trade_service.go:105.140,106.44 1 1
hood/internal/trade/trade_service.go:106.44,108.3 1 0
hood/internal/trade/trade_service.go:109.2,110.16 2 1
hood/internal/trade/trade_service.go:110.16,112.3 1 0
hood/internal/trade/trade_service.go:114.2,115.16 2 1
hood/internal/trade/trade_service.go:115.16,117.3 1 0
hood/internal/trade/trade_service.go:118.2,118.30 1 1
hood/internal/trade/trade_service.go:118.30,120.3 1 0
hood/internal/trade/trade_service.go:121.2,123.16 3 1
hood/internal/trade/trade_service.go:123.16,125.3 1 1
hood/internal/trade/trade_service.go:126.2,127.16 2 0
hood/internal/trade/trade_service.go:127.16,129.3 1 0
hood/internal/trade/trade_service.go:131.2,131.48 1 0
hood/internal/trade/trade_service.go:134.42,135.46 1 0
hood/internal/trade/trade_service.go:135.46,137.3 1 0
hood/internal/trade/trade_service.go:138.2,138.24 1 0
hood/internal/trade/trade_service.go:138.24,140.3 1 0
hood/internal/trade/trade_service.go:141.2,141.39 1 0
hood/internal/trade/trade_service.go:141.39,143.3 1 0
hood/internal/trade/trade_service.go:145.2,145.12 1 0
hood/internal/trade/trade_service.go:162.99,168.43 4 1
hood/internal/trade/trade_service.go:168.43,170.3 1 0
hood/internal/trade/trade_service.go:172.2,173.54 2 1
hood/internal/trade/trade_service.go:173.54,174.25 1 1
hood/internal/trade/trade_service.go:174.25,176.4 1 1
hood/internal/trade/trade_service.go:177.3,179.51 3 1
hood/internal/trade/trade_service.go:179.51,181.4 1 0
hood/internal/trade/trade_service.go:182.3,183.39 2 1
hood/internal/trade/trade_service.go:183.39,185.4 1 1
hood/internal/trade/trade_service.go:186.3,194.36 7 1
hood/internal/trade/trade_service.go:194.36,196.4 1 0
hood/internal/trade/trade_service.go:197.3,203.5 1 1
hood/internal/trade/trade_service.go:206.2,209.8 1 0
hood/internal/trade/trade_service.go:212.157,215.16 3 0
hood/internal/trade/trade_service.go:215.16,217.3 1 0
hood/internal/trade/trade_service.go:218.2,218.30 1 0
hood/internal/trade/trade_service.go:218.30,220.3 1 0
hood/internal/trade/trade_service.go:221.2,223.16 3 0
hood/internal/trade/trade_service.go:223.16,225.3 1 0
hood/internal/trade/trade_service.go:227.2,229.27 3 0
hood/internal/trade/trade_service.go:229.27,237.17 4 0
hood/internal/trade/trade_service.go:237.17,239.4 1 0
hood/internal/trade/trade_service.go:240.3,245.54 2 0
hood/internal/trade/trade_service.go:247.2,248.16 2 0
hood/internal/trade/trade_service.go:248.16,250.3 1 0
hood/internal/trade/trade_service.go:252.2,252.51 1 0
hood/internal/trade/trade_service_mock.go:29.87,33.2 3 1
hood/internal/trade/trade_service_mock.go:36.85,38.2 1 1
hood/internal/trade/trade_service_mock.go:41.162,48.2 6 0
hood/internal/trade/trade_service_mock.go:51.105,54.2 2 0
hood/internal/trade/trade_service_mock.go:57.141,64.2 6 0
hood/internal/trade/trade_service_mock.go:67.104,70.2 2 0
hood/internal/trade/trade_service_mock.go:73.146,80.2 6 0
hood/internal/trade/trade_service_mock.go:83.105,86.2 2 0
hood/internal/trade/trade_service_mock.go:89.162,96.2 6 1
hood/internal/trade/trade_service_mock.go:99.119,102.2 2 1
